<?xml version="1.0" encoding="UTF-8"?>
<coverage generated="1413403289">
  <project timestamp="1413403289">
    <package name="tomkyle\yaphr">
      <file name="/home/webdev/htdocs/WERKSTATT/tomkyle-yaphr/src/BlankImage.php">
        <class name="BlankImage" namespace="tomkyle\yaphr">
          <metrics methods="1" coveredmethods="1" conditionals="0" coveredconditionals="0" statements="6" coveredstatements="6" elements="7" coveredelements="7"/>
        </class>
        <line num="34" type="method" name="__construct" crap="1" count="7"/>
        <line num="36" type="stmt" count="7"/>
        <line num="37" type="stmt" count="7"/>
        <line num="39" type="stmt" count="7"/>
        <line num="40" type="stmt" count="7"/>
        <line num="41" type="stmt" count="7"/>
        <line num="42" type="stmt" count="7"/>
        <metrics loc="44" ncloc="21" classes="1" methods="1" coveredmethods="1" conditionals="0" coveredconditionals="0" statements="6" coveredstatements="6" elements="7" coveredelements="7"/>
      </file>
      <file name="/home/webdev/htdocs/WERKSTATT/tomkyle-yaphr/src/GifImage.php">
        <class name="GifImage" namespace="tomkyle\yaphr">
          <metrics methods="1" coveredmethods="1" conditionals="0" coveredconditionals="0" statements="5" coveredstatements="5" elements="6" coveredelements="6"/>
        </class>
        <line num="29" type="method" name="__construct" crap="1" count="3"/>
        <line num="31" type="stmt" count="3"/>
        <line num="33" type="stmt" count="3"/>
        <line num="34" type="stmt" count="3"/>
        <line num="35" type="stmt" count="3"/>
        <line num="36" type="stmt" count="3"/>
        <metrics loc="39" ncloc="23" classes="1" methods="1" coveredmethods="1" conditionals="0" coveredconditionals="0" statements="5" coveredstatements="5" elements="6" coveredelements="6"/>
      </file>
      <file name="/home/webdev/htdocs/WERKSTATT/tomkyle-yaphr/src/ImageAbstract.php">
        <class name="ImageAbstract" namespace="tomkyle\yaphr">
          <metrics methods="3" coveredmethods="3" conditionals="0" coveredconditionals="0" statements="3" coveredstatements="3" elements="6" coveredelements="6"/>
        </class>
        <line num="41" type="method" name="getImageType" crap="1" count="10"/>
        <line num="43" type="stmt" count="10"/>
        <line num="50" type="method" name="getWidth" crap="1" count="10"/>
        <line num="52" type="stmt" count="10"/>
        <line num="59" type="method" name="getHeight" crap="1" count="7"/>
        <line num="61" type="stmt" count="7"/>
        <metrics loc="65" ncloc="38" classes="1" methods="3" coveredmethods="3" conditionals="0" coveredconditionals="0" statements="3" coveredstatements="3" elements="6" coveredelements="6"/>
      </file>
      <file name="/home/webdev/htdocs/WERKSTATT/tomkyle-yaphr/src/ImageFactory.php">
        <class name="ImageFactory" namespace="tomkyle\yaphr">
          <metrics methods="1" coveredmethods="1" conditionals="0" coveredconditionals="0" statements="13" coveredstatements="13" elements="14" coveredelements="14"/>
        </class>
        <line num="38" type="method" name="newInstance" crap="5" count="18"/>
        <line num="40" type="stmt" count="18"/>
        <line num="42" type="stmt" count="17"/>
        <line num="43" type="stmt" count="17"/>
        <line num="45" type="stmt" count="17"/>
        <line num="46" type="stmt" count="17"/>
        <line num="47" type="stmt" count="10"/>
        <line num="49" type="stmt" count="7"/>
        <line num="50" type="stmt" count="3"/>
        <line num="52" type="stmt" count="4"/>
        <line num="53" type="stmt" count="3"/>
        <line num="55" type="stmt" count="1"/>
        <line num="56" type="stmt" count="1"/>
        <line num="58" type="stmt" count="1"/>
        <metrics loc="60" ncloc="34" classes="1" methods="1" coveredmethods="1" conditionals="0" coveredconditionals="0" statements="13" coveredstatements="13" elements="14" coveredelements="14"/>
      </file>
      <file name="/home/webdev/htdocs/WERKSTATT/tomkyle-yaphr/src/JpegImage.php">
        <class name="JpegImage" namespace="tomkyle\yaphr">
          <metrics methods="1" coveredmethods="1" conditionals="0" coveredconditionals="0" statements="5" coveredstatements="5" elements="6" coveredelements="6"/>
        </class>
        <line num="29" type="method" name="__construct" crap="1" count="10"/>
        <line num="31" type="stmt" count="10"/>
        <line num="32" type="stmt" count="10"/>
        <line num="33" type="stmt" count="10"/>
        <line num="34" type="stmt" count="10"/>
        <line num="35" type="stmt" count="10"/>
        <metrics loc="38" ncloc="22" classes="1" methods="1" coveredmethods="1" conditionals="0" coveredconditionals="0" statements="5" coveredstatements="5" elements="6" coveredelements="6"/>
      </file>
      <file name="/home/webdev/htdocs/WERKSTATT/tomkyle-yaphr/src/PngImage.php">
        <class name="PngImage" namespace="tomkyle\yaphr">
          <metrics methods="1" coveredmethods="1" conditionals="0" coveredconditionals="0" statements="5" coveredstatements="5" elements="6" coveredelements="6"/>
        </class>
        <line num="28" type="method" name="__construct" crap="1" count="3"/>
        <line num="30" type="stmt" count="3"/>
        <line num="31" type="stmt" count="3"/>
        <line num="32" type="stmt" count="3"/>
        <line num="33" type="stmt" count="3"/>
        <line num="34" type="stmt" count="3"/>
        <metrics loc="37" ncloc="21" classes="1" methods="1" coveredmethods="1" conditionals="0" coveredconditionals="0" statements="5" coveredstatements="5" elements="6" coveredelements="6"/>
      </file>
      <file name="/home/webdev/htdocs/WERKSTATT/tomkyle-yaphr/src/Resize.php">
        <class name="Resize" namespace="tomkyle\yaphr">
          <metrics methods="8" coveredmethods="8" conditionals="0" coveredconditionals="0" statements="25" coveredstatements="25" elements="33" coveredelements="33"/>
        </class>
        <line num="53" type="method" name="__construct" crap="2" count="7"/>
        <line num="55" type="stmt" count="7"/>
        <line num="57" type="stmt" count="7"/>
        <line num="59" type="stmt" count="7"/>
        <line num="60" type="stmt" count="1"/>
        <line num="61" type="stmt" count="1"/>
        <line num="63" type="stmt" count="7"/>
        <line num="71" type="method" name="getImageType" crap="1" count="7"/>
        <line num="73" type="stmt" count="7"/>
        <line num="81" type="method" name="getResource" crap="2" count="7"/>
        <line num="83" type="stmt" count="7"/>
        <line num="92" type="method" name="getWidth" crap="2" count="7"/>
        <line num="94" type="stmt" count="7"/>
        <line num="103" type="method" name="getHeight" crap="2" count="7"/>
        <line num="105" type="stmt" count="7"/>
        <line num="117" type="method" name="resize" crap="1" count="7"/>
        <line num="119" type="stmt" count="7"/>
        <line num="120" type="stmt" count="7"/>
        <line num="130" type="method" name="crop" crap="1" count="1"/>
        <line num="133" type="stmt" count="1"/>
        <line num="136" type="stmt" count="1"/>
        <line num="137" type="stmt" count="1"/>
        <line num="140" type="stmt" count="1"/>
        <line num="143" type="stmt" count="1"/>
        <line num="145" type="stmt" count="1"/>
        <line num="156" type="method" name="resample" crap="1" count="7"/>
        <line num="158" type="stmt" count="7"/>
        <line num="159" type="stmt" count="7"/>
        <line num="160" type="stmt" count="7"/>
        <line num="161" type="stmt" count="7"/>
        <line num="162" type="stmt" count="7"/>
        <line num="163" type="stmt" count="7"/>
        <line num="164" type="stmt" count="7"/>
        <metrics loc="167" ncloc="93" classes="1" methods="8" coveredmethods="8" conditionals="0" coveredconditionals="0" statements="25" coveredstatements="25" elements="33" coveredelements="33"/>
      </file>
      <file name="/home/webdev/htdocs/WERKSTATT/tomkyle-yaphr/src/Workflow.php">
        <class name="Workflow" namespace="tomkyle\yaphr">
          <metrics methods="1" coveredmethods="0" conditionals="0" coveredconditionals="0" statements="8" coveredstatements="0" elements="9" coveredelements="0"/>
        </class>
        <line num="36" type="method" name="__construct" crap="2" count="0"/>
        <line num="38" type="stmt" count="0"/>
        <line num="40" type="stmt" count="0"/>
        <line num="41" type="stmt" count="0"/>
        <line num="43" type="stmt" count="0"/>
        <line num="44" type="stmt" count="0"/>
        <line num="45" type="stmt" count="0"/>
        <line num="47" type="stmt" count="0"/>
        <line num="48" type="stmt" count="0"/>
        <metrics loc="49" ncloc="27" classes="1" methods="1" coveredmethods="0" conditionals="0" coveredconditionals="0" statements="8" coveredstatements="0" elements="9" coveredelements="0"/>
      </file>
    </package>
    <package name="tomkyle\yaphr\FileSystem">
      <file name="/home/webdev/htdocs/WERKSTATT/tomkyle-yaphr/src/FileSystem/CheckReadableFile.php">
        <class name="CheckReadableFile" namespace="tomkyle\yaphr\FileSystem">
          <metrics methods="1" coveredmethods="1" conditionals="0" coveredconditionals="0" statements="3" coveredstatements="3" elements="4" coveredelements="4"/>
        </class>
        <line num="8" type="method" name="__construct" crap="2" count="18"/>
        <line num="10" type="stmt" count="18"/>
        <line num="11" type="stmt" count="1"/>
        <line num="13" type="stmt" count="17"/>
        <metrics loc="14" ncloc="14" classes="1" methods="1" coveredmethods="1" conditionals="0" coveredconditionals="0" statements="3" coveredstatements="3" elements="4" coveredelements="4"/>
      </file>
      <file name="/home/webdev/htdocs/WERKSTATT/tomkyle-yaphr/src/FileSystem/CreateCacheDir.php">
        <class name="CreateCacheDir" namespace="tomkyle\yaphr\FileSystem">
          <metrics methods="1" coveredmethods="0" conditionals="0" coveredconditionals="0" statements="7" coveredstatements="3" elements="8" coveredelements="3"/>
        </class>
        <line num="9" type="method" name="__construct" crap="2.75" count="4"/>
        <line num="11" type="stmt" count="4"/>
        <line num="13" type="stmt" count="4"/>
        <line num="16" type="stmt" count="0"/>
        <line num="20" type="stmt" count="0"/>
        <line num="23" type="stmt" count="0"/>
        <line num="24" type="stmt" count="0"/>
        <line num="25" type="stmt" count="4"/>
        <metrics loc="26" ncloc="17" classes="1" methods="1" coveredmethods="0" conditionals="0" coveredconditionals="0" statements="7" coveredstatements="3" elements="8" coveredelements="3"/>
      </file>
      <file name="/home/webdev/htdocs/WERKSTATT/tomkyle-yaphr/src/FileSystem/DeliverImage.php">
        <class name="DeliverImage" namespace="tomkyle\yaphr\FileSystem">
          <metrics methods="1" coveredmethods="0" conditionals="0" coveredconditionals="0" statements="24" coveredstatements="0" elements="25" coveredelements="0"/>
        </class>
        <line num="14" type="method" name="__construct" crap="56" count="0"/>
        <line num="16" type="stmt" count="0"/>
        <line num="18" type="stmt" count="0"/>
        <line num="20" type="stmt" count="0"/>
        <line num="21" type="stmt" count="0"/>
        <line num="23" type="stmt" count="0"/>
        <line num="24" type="stmt" count="0"/>
        <line num="25" type="stmt" count="0"/>
        <line num="26" type="stmt" count="0"/>
        <line num="27" type="stmt" count="0"/>
        <line num="28" type="stmt" count="0"/>
        <line num="29" type="stmt" count="0"/>
        <line num="30" type="stmt" count="0"/>
        <line num="31" type="stmt" count="0"/>
        <line num="32" type="stmt" count="0"/>
        <line num="33" type="stmt" count="0"/>
        <line num="34" type="stmt" count="0"/>
        <line num="36" type="stmt" count="0"/>
        <line num="37" type="stmt" count="0"/>
        <line num="38" type="stmt" count="0"/>
        <line num="39" type="stmt" count="0"/>
        <line num="40" type="stmt" count="0"/>
        <line num="42" type="stmt" count="0"/>
        <line num="43" type="stmt" count="0"/>
        <line num="46" type="stmt" count="0"/>
        <metrics loc="50" ncloc="44" classes="1" methods="1" coveredmethods="0" conditionals="0" coveredconditionals="0" statements="24" coveredstatements="0" elements="25" coveredelements="0"/>
      </file>
      <file name="/home/webdev/htdocs/WERKSTATT/tomkyle-yaphr/src/FileSystem/FileExtension.php">
        <class name="FileExtension" namespace="tomkyle\yaphr\FileSystem">
          <metrics methods="2" coveredmethods="1" conditionals="0" coveredconditionals="0" statements="8" coveredstatements="7" elements="10" coveredelements="8"/>
        </class>
        <line num="11" type="method" name="__construct" crap="3.03" count="17"/>
        <line num="13" type="stmt" count="17"/>
        <line num="15" type="stmt" count="17"/>
        <line num="16" type="stmt" count="17"/>
        <line num="17" type="stmt" count="17"/>
        <line num="18" type="stmt" count="17"/>
        <line num="19" type="stmt" count="0"/>
        <line num="21" type="stmt" count="17"/>
        <line num="23" type="method" name="__toString" crap="1" count="17"/>
        <line num="25" type="stmt" count="17"/>
        <metrics loc="27" ncloc="24" classes="1" methods="2" coveredmethods="1" conditionals="0" coveredconditionals="0" statements="8" coveredstatements="7" elements="10" coveredelements="8"/>
      </file>
      <file name="/home/webdev/htdocs/WERKSTATT/tomkyle-yaphr/src/FileSystem/SaveGif.php">
        <class name="SaveGif" namespace="tomkyle\yaphr\FileSystem">
          <metrics methods="1" coveredmethods="1" conditionals="0" coveredconditionals="0" statements="4" coveredstatements="4" elements="5" coveredelements="5"/>
        </class>
        <line num="14" type="method" name="__construct" crap="1" count="1"/>
        <line num="16" type="stmt" count="1"/>
        <line num="17" type="stmt" count="1"/>
        <line num="19" type="stmt" count="1"/>
        <line num="20" type="stmt" count="1"/>
        <metrics loc="22" ncloc="15" classes="1" methods="1" coveredmethods="1" conditionals="0" coveredconditionals="0" statements="4" coveredstatements="4" elements="5" coveredelements="5"/>
      </file>
      <file name="/home/webdev/htdocs/WERKSTATT/tomkyle-yaphr/src/FileSystem/SaveImage.php">
        <class name="SaveImage" namespace="tomkyle\yaphr\FileSystem">
          <metrics methods="1" coveredmethods="0" conditionals="0" coveredconditionals="0" statements="14" coveredstatements="11" elements="15" coveredelements="11"/>
        </class>
        <line num="30" type="method" name="__construct" crap="5.25" count="3"/>
        <line num="32" type="stmt" count="3"/>
        <line num="33" type="stmt" count="3"/>
        <line num="35" type="stmt" count="3"/>
        <line num="37" type="stmt" count="3"/>
        <line num="39" type="stmt" count="3"/>
        <line num="40" type="stmt" count="3"/>
        <line num="41" type="stmt" count="1"/>
        <line num="43" type="stmt" count="2"/>
        <line num="44" type="stmt" count="1"/>
        <line num="46" type="stmt" count="1"/>
        <line num="47" type="stmt" count="1"/>
        <line num="49" type="stmt" count="0"/>
        <line num="50" type="stmt" count="0"/>
        <line num="52" type="stmt" count="0"/>
        <metrics loc="54" ncloc="35" classes="1" methods="1" coveredmethods="0" conditionals="0" coveredconditionals="0" statements="14" coveredstatements="11" elements="15" coveredelements="11"/>
      </file>
      <file name="/home/webdev/htdocs/WERKSTATT/tomkyle-yaphr/src/FileSystem/SaveImageAbstract.php">
        <class name="SaveImageAbstract" namespace="tomkyle\yaphr\FileSystem">
          <metrics methods="2" coveredmethods="0" conditionals="0" coveredconditionals="0" statements="12" coveredstatements="8" elements="14" coveredelements="8"/>
        </class>
        <line num="17" type="method" name="makeSureIsResource" crap="3.04" count="3"/>
        <line num="19" type="stmt" count="3"/>
        <line num="20" type="stmt" count="3"/>
        <line num="21" type="stmt" count="3"/>
        <line num="23" type="stmt" count="3"/>
        <line num="24" type="stmt" count="0"/>
        <line num="27" type="stmt" count="3"/>
        <line num="34" type="method" name="makeSureIsString" crap="4.12" count="3"/>
        <line num="36" type="stmt" count="3"/>
        <line num="37" type="stmt" count="0"/>
        <line num="38" type="stmt" count="0"/>
        <line num="40" type="stmt" count="3"/>
        <line num="41" type="stmt" count="0"/>
        <line num="43" type="stmt" count="3"/>
        <metrics loc="46" ncloc="34" classes="1" methods="2" coveredmethods="0" conditionals="0" coveredconditionals="0" statements="12" coveredstatements="8" elements="14" coveredelements="8"/>
      </file>
      <file name="/home/webdev/htdocs/WERKSTATT/tomkyle-yaphr/src/FileSystem/SaveJpeg.php">
        <class name="SaveJpeg" namespace="tomkyle\yaphr\FileSystem">
          <metrics methods="1" coveredmethods="1" conditionals="0" coveredconditionals="0" statements="4" coveredstatements="4" elements="5" coveredelements="5"/>
        </class>
        <line num="15" type="method" name="__construct" crap="1" count="1"/>
        <line num="17" type="stmt" count="1"/>
        <line num="18" type="stmt" count="1"/>
        <line num="20" type="stmt" count="1"/>
        <line num="22" type="stmt" count="1"/>
        <metrics loc="23" ncloc="16" classes="1" methods="1" coveredmethods="1" conditionals="0" coveredconditionals="0" statements="4" coveredstatements="4" elements="5" coveredelements="5"/>
      </file>
      <file name="/home/webdev/htdocs/WERKSTATT/tomkyle-yaphr/src/FileSystem/SavePng.php">
        <class name="SavePng" namespace="tomkyle\yaphr\FileSystem">
          <metrics methods="1" coveredmethods="1" conditionals="0" coveredconditionals="0" statements="6" coveredstatements="6" elements="7" coveredelements="7"/>
        </class>
        <line num="14" type="method" name="__construct" crap="1" count="1"/>
        <line num="16" type="stmt" count="1"/>
        <line num="17" type="stmt" count="1"/>
        <line num="21" type="stmt" count="1"/>
        <line num="22" type="stmt" count="1"/>
        <line num="25" type="stmt" count="1"/>
        <line num="27" type="stmt" count="1"/>
        <metrics loc="28" ncloc="17" classes="1" methods="1" coveredmethods="1" conditionals="0" coveredconditionals="0" statements="6" coveredstatements="6" elements="7" coveredelements="7"/>
      </file>
    </package>
    <package name="tomkyle\yaphr\Filters">
      <file name="/home/webdev/htdocs/WERKSTATT/tomkyle-yaphr/src/Filters/SharpenImage.php">
        <class name="SharpenImage" namespace="tomkyle\yaphr\Filters">
          <metrics methods="1" coveredmethods="1" conditionals="0" coveredconditionals="0" statements="12" coveredstatements="12" elements="13" coveredelements="13"/>
        </class>
        <line num="45" type="method" name="__construct" crap="4" count="4"/>
        <line num="47" type="stmt" count="4"/>
        <line num="48" type="stmt" count="3"/>
        <line num="49" type="stmt" count="3"/>
        <line num="51" type="stmt" count="4"/>
        <line num="52" type="stmt" count="3"/>
        <line num="53" type="stmt" count="3"/>
        <line num="55" type="stmt" count="4"/>
        <line num="56" type="stmt" count="1"/>
        <line num="59" type="stmt" count="3"/>
        <line num="60" type="stmt" count="3"/>
        <line num="62" type="stmt" count="3"/>
        <line num="64" type="stmt" count="3"/>
        <metrics loc="65" ncloc="29" classes="1" methods="1" coveredmethods="1" conditionals="0" coveredconditionals="0" statements="12" coveredstatements="12" elements="13" coveredelements="13"/>
      </file>
      <file name="/home/webdev/htdocs/WERKSTATT/tomkyle-yaphr/src/Filters/UnsharpMask.php">
        <class name="UnsharpMask" namespace="tomkyle\yaphr\Filters">
          <metrics methods="1" coveredmethods="0" conditionals="0" coveredconditionals="0" statements="83" coveredstatements="0" elements="84" coveredelements="0"/>
        </class>
        <line num="27" type="method" name="__construct" crap="650" count="0"/>
        <line num="29" type="stmt" count="0"/>
        <line num="30" type="stmt" count="0"/>
        <line num="31" type="stmt" count="0"/>
        <line num="52" type="stmt" count="0"/>
        <line num="53" type="stmt" count="0"/>
        <line num="55" type="stmt" count="0"/>
        <line num="56" type="stmt" count="0"/>
        <line num="58" type="stmt" count="0"/>
        <line num="64" type="stmt" count="0"/>
        <line num="65" type="stmt" count="0"/>
        <line num="70" type="stmt" count="0"/>
        <line num="71" type="stmt" count="0"/>
        <line num="73" type="stmt" count="0"/>
        <line num="74" type="stmt" count="0"/>
        <line num="86" type="stmt" count="0"/>
        <line num="88" type="stmt" count="0"/>
        <line num="89" type="stmt" count="0"/>
        <line num="90" type="stmt" count="0"/>
        <line num="91" type="stmt" count="0"/>
        <line num="92" type="stmt" count="0"/>
        <line num="93" type="stmt" count="0"/>
        <line num="94" type="stmt" count="0"/>
        <line num="99" type="stmt" count="0"/>
        <line num="100" type="stmt" count="0"/>
        <line num="101" type="stmt" count="0"/>
        <line num="102" type="stmt" count="0"/>
        <line num="103" type="stmt" count="0"/>
        <line num="105" type="stmt" count="0"/>
        <line num="106" type="stmt" count="0"/>
        <line num="107" type="stmt" count="0"/>
        <line num="112" type="stmt" count="0"/>
        <line num="115" type="stmt" count="0"/>
        <line num="116" type="stmt" count="0"/>
        <line num="118" type="stmt" count="0"/>
        <line num="119" type="stmt" count="0"/>
        <line num="120" type="stmt" count="0"/>
        <line num="121" type="stmt" count="0"/>
        <line num="123" type="stmt" count="0"/>
        <line num="125" type="stmt" count="0"/>
        <line num="126" type="stmt" count="0"/>
        <line num="127" type="stmt" count="0"/>
        <line num="131" type="stmt" count="0"/>
        <line num="132" type="stmt" count="0"/>
        <line num="133" type="stmt" count="0"/>
        <line num="134" type="stmt" count="0"/>
        <line num="135" type="stmt" count="0"/>
        <line num="136" type="stmt" count="0"/>
        <line num="137" type="stmt" count="0"/>
        <line num="138" type="stmt" count="0"/>
        <line num="139" type="stmt" count="0"/>
        <line num="143" type="stmt" count="0"/>
        <line num="144" type="stmt" count="0"/>
        <line num="145" type="stmt" count="0"/>
        <line num="146" type="stmt" count="0"/>
        <line num="147" type="stmt" count="0"/>
        <line num="148" type="stmt" count="0"/>
        <line num="149" type="stmt" count="0"/>
        <line num="151" type="stmt" count="0"/>
        <line num="152" type="stmt" count="0"/>
        <line num="153" type="stmt" count="0"/>
        <line num="154" type="stmt" count="0"/>
        <line num="155" type="stmt" count="0"/>
        <line num="156" type="stmt" count="0"/>
        <line num="158" type="stmt" count="0"/>
        <line num="160" type="stmt" count="0"/>
        <line num="161" type="stmt" count="0"/>
        <line num="162" type="stmt" count="0"/>
        <line num="164" type="stmt" count="0"/>
        <line num="165" type="stmt" count="0"/>
        <line num="166" type="stmt" count="0"/>
        <line num="167" type="stmt" count="0"/>
        <line num="168" type="stmt" count="0"/>
        <line num="169" type="stmt" count="0"/>
        <line num="170" type="stmt" count="0"/>
        <line num="171" type="stmt" count="0"/>
        <line num="172" type="stmt" count="0"/>
        <line num="173" type="stmt" count="0"/>
        <line num="174" type="stmt" count="0"/>
        <line num="175" type="stmt" count="0"/>
        <line num="176" type="stmt" count="0"/>
        <line num="178" type="stmt" count="0"/>
        <line num="179" type="stmt" count="0"/>
        <line num="183" type="stmt" count="0"/>
        <metrics loc="184" ncloc="96" classes="1" methods="1" coveredmethods="0" conditionals="0" coveredconditionals="0" statements="83" coveredstatements="0" elements="84" coveredelements="0"/>
      </file>
    </package>
    <package name="tomkyle\yaphr\Geometry">
      <file name="/home/webdev/htdocs/WERKSTATT/tomkyle-yaphr/src/Geometry/AutoBox.php">
        <class name="AutoBox" namespace="tomkyle\yaphr\Geometry">
          <metrics methods="6" coveredmethods="4" conditionals="0" coveredconditionals="0" statements="24" coveredstatements="11" elements="30" coveredelements="15"/>
        </class>
        <line num="37" type="method" name="__construct" crap="19.34" count="6"/>
        <line num="40" type="stmt" count="6"/>
        <line num="42" type="stmt" count="3"/>
        <line num="44" type="stmt" count="3"/>
        <line num="45" type="stmt" count="3"/>
        <line num="47" type="stmt" count="3"/>
        <line num="49" type="stmt" count="3"/>
        <line num="52" type="stmt" count="0"/>
        <line num="54" type="stmt" count="0"/>
        <line num="56" type="stmt" count="0"/>
        <line num="58" type="stmt" count="0"/>
        <line num="60" type="stmt" count="0"/>
        <line num="62" type="stmt" count="0"/>
        <line num="64" type="stmt" count="0"/>
        <line num="66" type="stmt" count="0"/>
        <line num="67" type="stmt" count="0"/>
        <line num="70" type="stmt" count="0"/>
        <line num="73" type="stmt" count="0"/>
        <line num="76" type="stmt" count="0"/>
        <line num="79" type="stmt" count="6"/>
        <line num="86" type="method" name="getWidth" crap="1" count="6"/>
        <line num="88" type="stmt" count="6"/>
        <line num="96" type="method" name="getHeight" crap="1" count="6"/>
        <line num="98" type="stmt" count="6"/>
        <line num="107" type="method" name="isLandscape" crap="1" count="6"/>
        <line num="109" type="stmt" count="6"/>
        <line num="118" type="method" name="isPortrait" crap="1" count="3"/>
        <line num="120" type="stmt" count="3"/>
        <line num="129" type="method" name="isSquare" crap="2" count="0"/>
        <line num="131" type="stmt" count="0"/>
        <metrics loc="133" ncloc="86" classes="1" methods="6" coveredmethods="4" conditionals="0" coveredconditionals="0" statements="24" coveredstatements="11" elements="30" coveredelements="15"/>
      </file>
      <file name="/home/webdev/htdocs/WERKSTATT/tomkyle-yaphr/src/Geometry/Box.php">
        <class name="Box" namespace="tomkyle\yaphr\Geometry">
          <metrics methods="1" coveredmethods="1" conditionals="0" coveredconditionals="0" statements="3" coveredstatements="3" elements="4" coveredelements="4"/>
        </class>
        <line num="10" type="method" name="__construct" crap="1" count="11"/>
        <line num="12" type="stmt" count="11"/>
        <line num="13" type="stmt" count="11"/>
        <line num="14" type="stmt" count="11"/>
        <metrics loc="16" ncloc="13" classes="1" methods="1" coveredmethods="1" conditionals="0" coveredconditionals="0" statements="3" coveredstatements="3" elements="4" coveredelements="4"/>
      </file>
      <file name="/home/webdev/htdocs/WERKSTATT/tomkyle-yaphr/src/Geometry/BoxAbstract.php">
        <class name="BoxAbstract" namespace="tomkyle\yaphr\Geometry">
          <metrics methods="2" coveredmethods="2" conditionals="0" coveredconditionals="0" statements="2" coveredstatements="2" elements="4" coveredelements="4"/>
        </class>
        <line num="12" type="method" name="getWidth" crap="1" count="14"/>
        <line num="14" type="stmt" count="14"/>
        <line num="17" type="method" name="getHeight" crap="1" count="14"/>
        <line num="19" type="stmt" count="14"/>
        <metrics loc="23" ncloc="20" classes="1" methods="2" coveredmethods="2" conditionals="0" coveredconditionals="0" statements="2" coveredstatements="2" elements="4" coveredelements="4"/>
      </file>
      <file name="/home/webdev/htdocs/WERKSTATT/tomkyle-yaphr/src/Geometry/BoxFactory.php">
        <class name="BoxFactory" namespace="tomkyle\yaphr\Geometry">
          <metrics methods="1" coveredmethods="1" conditionals="0" coveredconditionals="0" statements="13" coveredstatements="13" elements="14" coveredelements="14"/>
        </class>
        <line num="11" type="method" name="newInstance" crap="6" count="15"/>
        <line num="14" type="stmt" count="15"/>
        <line num="15" type="stmt" count="2"/>
        <line num="18" type="stmt" count="13"/>
        <line num="19" type="stmt" count="2"/>
        <line num="22" type="stmt" count="11"/>
        <line num="23" type="stmt" count="2"/>
        <line num="26" type="stmt" count="9"/>
        <line num="27" type="stmt" count="2"/>
        <line num="30" type="stmt" count="7"/>
        <line num="31" type="stmt" count="6"/>
        <line num="34" type="stmt" count="1"/>
        <line num="35" type="stmt" count="1"/>
        <line num="37" type="stmt" count="1"/>
        <metrics loc="41" ncloc="38" classes="1" methods="1" coveredmethods="1" conditionals="0" coveredconditionals="0" statements="13" coveredstatements="13" elements="14" coveredelements="14"/>
      </file>
      <file name="/home/webdev/htdocs/WERKSTATT/tomkyle-yaphr/src/Geometry/CropBox.php">
        <class name="CropBox" namespace="tomkyle\yaphr\Geometry">
          <metrics methods="3" coveredmethods="3" conditionals="0" coveredconditionals="0" statements="12" coveredstatements="12" elements="15" coveredelements="15"/>
        </class>
        <line num="13" type="method" name="__construct" crap="2" count="3"/>
        <line num="15" type="stmt" count="3"/>
        <line num="16" type="stmt" count="3"/>
        <line num="18" type="stmt" count="3"/>
        <line num="19" type="stmt" count="3"/>
        <line num="21" type="stmt" count="3"/>
        <line num="22" type="stmt" count="3"/>
        <line num="23" type="stmt" count="3"/>
        <line num="25" type="stmt" count="3"/>
        <line num="26" type="stmt" count="3"/>
        <line num="28" type="stmt" count="3"/>
        <line num="30" type="method" name="getFinalWidth" crap="1" count="1"/>
        <line num="32" type="stmt" count="1"/>
        <line num="35" type="method" name="getFinalHeight" crap="1" count="1"/>
        <line num="37" type="stmt" count="1"/>
        <metrics loc="40" ncloc="37" classes="1" methods="3" coveredmethods="3" conditionals="0" coveredconditionals="0" statements="12" coveredstatements="12" elements="15" coveredelements="15"/>
      </file>
      <file name="/home/webdev/htdocs/WERKSTATT/tomkyle-yaphr/src/Geometry/CropStartCoordinates.php">
        <class name="CropStartCoordinates" namespace="tomkyle\yaphr\Geometry">
          <metrics methods="1" coveredmethods="1" conditionals="0" coveredconditionals="0" statements="3" coveredstatements="3" elements="4" coveredelements="4"/>
        </class>
        <line num="11" type="method" name="__construct" crap="1" count="1"/>
        <line num="13" type="stmt" count="1"/>
        <line num="14" type="stmt" count="1"/>
        <line num="15" type="stmt" count="1"/>
        <metrics loc="18" ncloc="15" classes="1" methods="1" coveredmethods="1" conditionals="0" coveredconditionals="0" statements="3" coveredstatements="3" elements="4" coveredelements="4"/>
      </file>
      <file name="/home/webdev/htdocs/WERKSTATT/tomkyle-yaphr/src/Geometry/NullCoordinates.php">
        <class name="NullCoordinates" namespace="tomkyle\yaphr\Geometry">
          <metrics methods="2" coveredmethods="2" conditionals="0" coveredconditionals="0" statements="2" coveredstatements="2" elements="4" coveredelements="4"/>
        </class>
        <line num="13" type="method" name="getX" crap="1" count="7"/>
        <line num="15" type="stmt" count="7"/>
        <line num="18" type="method" name="getY" crap="1" count="7"/>
        <line num="20" type="stmt" count="7"/>
        <metrics loc="23" ncloc="20" classes="1" methods="2" coveredmethods="2" conditionals="0" coveredconditionals="0" statements="2" coveredstatements="2" elements="4" coveredelements="4"/>
      </file>
      <file name="/home/webdev/htdocs/WERKSTATT/tomkyle-yaphr/src/Geometry/SquareBox.php">
        <class name="SquareBox" namespace="tomkyle\yaphr\Geometry">
          <metrics methods="1" coveredmethods="0" conditionals="0" coveredconditionals="0" statements="3" coveredstatements="0" elements="4" coveredelements="0"/>
        </class>
        <line num="11" type="method" name="__construct" crap="2" count="0"/>
        <line num="13" type="stmt" count="0"/>
        <line num="14" type="stmt" count="0"/>
        <line num="15" type="stmt" count="0"/>
        <metrics loc="17" ncloc="14" classes="1" methods="1" coveredmethods="0" conditionals="0" coveredconditionals="0" statements="3" coveredstatements="0" elements="4" coveredelements="0"/>
      </file>
      <file name="/home/webdev/htdocs/WERKSTATT/tomkyle-yaphr/src/Geometry/TallBox.php">
        <class name="TallBox" namespace="tomkyle\yaphr\Geometry">
          <metrics methods="1" coveredmethods="1" conditionals="0" coveredconditionals="0" statements="4" coveredstatements="4" elements="5" coveredelements="5"/>
        </class>
        <line num="10" type="method" name="__construct" crap="1" count="5"/>
        <line num="12" type="stmt" count="5"/>
        <line num="14" type="stmt" count="5"/>
        <line num="15" type="stmt" count="5"/>
        <line num="16" type="stmt" count="5"/>
        <metrics loc="19" ncloc="16" classes="1" methods="1" coveredmethods="1" conditionals="0" coveredconditionals="0" statements="4" coveredstatements="4" elements="5" coveredelements="5"/>
      </file>
      <file name="/home/webdev/htdocs/WERKSTATT/tomkyle-yaphr/src/Geometry/WideBox.php">
        <class name="WideBox" namespace="tomkyle\yaphr\Geometry">
          <metrics methods="1" coveredmethods="1" conditionals="0" coveredconditionals="0" statements="4" coveredstatements="4" elements="5" coveredelements="5"/>
        </class>
        <line num="10" type="method" name="__construct" crap="1" count="5"/>
        <line num="12" type="stmt" count="5"/>
        <line num="14" type="stmt" count="5"/>
        <line num="15" type="stmt" count="5"/>
        <line num="16" type="stmt" count="5"/>
        <metrics loc="19" ncloc="16" classes="1" methods="1" coveredmethods="1" conditionals="0" coveredconditionals="0" statements="4" coveredstatements="4" elements="5" coveredelements="5"/>
      </file>
    </package>
    <package name="tomkyle\yaphr\Resources">
      <file name="/home/webdev/htdocs/WERKSTATT/tomkyle-yaphr/src/Resources/ResourceAggregateTrait.php">
        <class name="ResourceAggregateTrait" namespace="tomkyle\yaphr\Resources">
          <metrics methods="1" coveredmethods="1" conditionals="0" coveredconditionals="0" statements="1" coveredstatements="1" elements="2" coveredelements="2"/>
        </class>
        <line num="23" type="method" name="getResource" crap="1" count="16"/>
        <line num="25" type="stmt" count="16"/>
        <metrics loc="27" ncloc="14" classes="1" methods="1" coveredmethods="1" conditionals="0" coveredconditionals="0" statements="1" coveredstatements="1" elements="2" coveredelements="2"/>
      </file>
    </package>
    <metrics files="30" loc="1414" ncloc="909" classes="30" methods="50" coveredmethods="39" conditionals="0" coveredconditionals="0" statements="318" coveredstatements="175" elements="368" coveredelements="214"/>
  </project>
</coverage>
